<?xml version="1.0" encoding="UTF-8"?>
<!-- Generated by org.testng.reporters.JUnitXMLReporter -->
<testsuite hostname="DESKTOP-CRRQ0J6" ignored="4" tests="0" failures="0" timestamp="2023-03-14T20:20:55 IST" time="0.01" errors="0">
  <testcase name="login" time="0.0" classname="testScripts.PlaceOrderTest">
    <ignored/>
  </testcase> <!-- login -->
  <testcase name="addItems" time="0.0" classname="testScripts.PlaceOrderTest">
    <ignored/>
  </testcase> <!-- addItems -->
  <testcase name="purchaseItems" time="0.0" classname="testScripts.PlaceOrderTest">
    <ignored/>
  </testcase> <!-- purchaseItems -->
  <testcase name="deleteItems" time="0.0" classname="testScripts.PlaceOrderTest">
    <ignored/>
  </testcase> <!-- deleteItems -->
</testsuite>
